<?xml version="1.0" encoding="UTF-8"?>
<!-- Generated by org.testng.reporters.JUnitReportReporter -->
<testsuite hostname="GNGE" name="TestPackage.TestClass" tests="1" failures="0" timestamp="3 Jun 2018 20:56:36 GMT" time="19.394" errors="0">
  <testcase name="HomePageTestMethod" time="19.394" classname="TestPackage.TestClass"/>
</testsuite> <!-- TestPackage.TestClass -->
