<?xml version="1.0" encoding="UTF-8"?>
<!-- Generated by org.testng.reporters.JUnitReportReporter -->
<testsuite hostname="GNGE" name="TestPackage.SharedFileTestClass" tests="1" failures="0" timestamp="5 May 2018 02:36:00 GMT" time="3.496" errors="0">
  <testcase name="SharedFileTestMethod" time="3.496" classname="TestPackage.SharedFileTestClass"/>
</testsuite> <!-- TestPackage.SharedFileTestClass -->
