<?xml version="1.0" encoding="UTF-8"?>
<!-- Generated by org.testng.reporters.JUnitReportReporter -->
<testsuite hostname="GNGE" name="TestPackage.HomePageTestClass" tests="1" failures="0" timestamp="5 May 2018 02:36:00 GMT" time="7.849" errors="0">
  <testcase name="HomePageTestMethod" time="7.849" classname="TestPackage.HomePageTestClass"/>
</testsuite> <!-- TestPackage.HomePageTestClass -->
