<?xml version="1.0" encoding="UTF-8"?>
<!-- Generated by org.testng.reporters.JUnitReportReporter -->
<testsuite hostname="GNGE" name="TestPackage.RepositoryTest" tests="1" failures="0" timestamp="5 May 2018 02:36:00 GMT" time="3.986" errors="0">
  <testcase name="RepositoryTestMethod" time="3.986" classname="TestPackage.RepositoryTest"/>
</testsuite> <!-- TestPackage.RepositoryTest -->
